[2023-12-29 01:54:58] local.ERROR:  {"exception":"[object] (Symfony\\Component\\HttpKernel\\Exception\\NotFoundHttpException(code: 0):  at C:\\Sssinh\\MentalHealthCareApp\\vendor\\laravel\\lumen-framework\\src\\Concerns\\RoutesRequests.php:235)
[stacktrace]
#0 C:\\Sssinh\\MentalHealthCareApp\\vendor\\laravel\\lumen-framework\\src\\Concerns\\RoutesRequests.php(174): Laravel\\Lumen\\Application->handleDispatcherResponse()
#1 C:\\Sssinh\\MentalHealthCareApp\\vendor\\laravel\\lumen-framework\\src\\Concerns\\RoutesRequests.php(431): Laravel\\Lumen\\Application->Laravel\\Lumen\\Concerns\\{closure}()
#2 C:\\Sssinh\\MentalHealthCareApp\\vendor\\laravel\\lumen-framework\\src\\Concerns\\RoutesRequests.php(167): Laravel\\Lumen\\Application->sendThroughPipeline()
#3 C:\\Sssinh\\MentalHealthCareApp\\vendor\\laravel\\lumen-framework\\src\\Concerns\\RoutesRequests.php(112): Laravel\\Lumen\\Application->dispatch()
#4 C:\\Sssinh\\MentalHealthCareApp\\public\\index.php(28): Laravel\\Lumen\\Application->run()
#5 {main}
"} 
[2023-12-29 01:55:07] local.ERROR: View [login] not found. {"exception":"[object] (InvalidArgumentException(code: 0): View [login] not found. at C:\\Sssinh\\MentalHealthCareApp\\vendor\\illuminate\\view\\FileViewFinder.php:137)
[stacktrace]
#0 C:\\Sssinh\\MentalHealthCareApp\\vendor\\illuminate\\view\\FileViewFinder.php(79): Illuminate\\View\\FileViewFinder->findInPaths()
#1 C:\\Sssinh\\MentalHealthCareApp\\vendor\\illuminate\\view\\Factory.php(137): Illuminate\\View\\FileViewFinder->find()
#2 C:\\Sssinh\\MentalHealthCareApp\\vendor\\laravel\\lumen-framework\\src\\helpers.php(433): Illuminate\\View\\Factory->make()
#3 C:\\Sssinh\\MentalHealthCareApp\\app\\Controllers\\Commom\\LoginController.php(25): view()
#4 C:\\Sssinh\\MentalHealthCareApp\\vendor\\illuminate\\container\\BoundMethod.php(36): App\\Controllers\\Commom\\loginController->index()
#5 C:\\Sssinh\\MentalHealthCareApp\\vendor\\illuminate\\container\\Util.php(41): Illuminate\\Container\\BoundMethod::Illuminate\\Container\\{closure}()
#6 C:\\Sssinh\\MentalHealthCareApp\\vendor\\illuminate\\container\\BoundMethod.php(93): Illuminate\\Container\\Util::unwrapIfClosure()
#7 C:\\Sssinh\\MentalHealthCareApp\\vendor\\illuminate\\container\\BoundMethod.php(35): Illuminate\\Container\\BoundMethod::callBoundMethod()
#8 C:\\Sssinh\\MentalHealthCareApp\\vendor\\illuminate\\container\\Container.php(662): Illuminate\\Container\\BoundMethod::call()
#9 C:\\Sssinh\\MentalHealthCareApp\\vendor\\laravel\\lumen-framework\\src\\Concerns\\RoutesRequests.php(391): Illuminate\\Container\\Container->call()
#10 C:\\Sssinh\\MentalHealthCareApp\\vendor\\laravel\\lumen-framework\\src\\Concerns\\RoutesRequests.php(356): Laravel\\Lumen\\Application->callControllerCallable()
#11 C:\\Sssinh\\MentalHealthCareApp\\vendor\\laravel\\lumen-framework\\src\\Concerns\\RoutesRequests.php(331): Laravel\\Lumen\\Application->callLumenController()
#12 C:\\Sssinh\\MentalHealthCareApp\\vendor\\laravel\\lumen-framework\\src\\Concerns\\RoutesRequests.php(284): Laravel\\Lumen\\Application->callControllerAction()
#13 C:\\Sssinh\\MentalHealthCareApp\\vendor\\laravel\\lumen-framework\\src\\Concerns\\RoutesRequests.php(269): Laravel\\Lumen\\Application->callActionOnArrayBasedRoute()
#14 C:\\Sssinh\\MentalHealthCareApp\\vendor\\laravel\\lumen-framework\\src\\Concerns\\RoutesRequests.php(171): Laravel\\Lumen\\Application->handleFoundRoute()
#15 C:\\Sssinh\\MentalHealthCareApp\\vendor\\laravel\\lumen-framework\\src\\Concerns\\RoutesRequests.php(431): Laravel\\Lumen\\Application->Laravel\\Lumen\\Concerns\\{closure}()
#16 C:\\Sssinh\\MentalHealthCareApp\\vendor\\laravel\\lumen-framework\\src\\Concerns\\RoutesRequests.php(167): Laravel\\Lumen\\Application->sendThroughPipeline()
#17 C:\\Sssinh\\MentalHealthCareApp\\vendor\\laravel\\lumen-framework\\src\\Concerns\\RoutesRequests.php(112): Laravel\\Lumen\\Application->dispatch()
#18 C:\\Sssinh\\MentalHealthCareApp\\public\\index.php(28): Laravel\\Lumen\\Application->run()
#19 {main}
"} 
[2023-12-29 01:56:05] local.ERROR: View [commom.login] not found. {"exception":"[object] (InvalidArgumentException(code: 0): View [commom.login] not found. at C:\\Sssinh\\MentalHealthCareApp\\vendor\\illuminate\\view\\FileViewFinder.php:137)
[stacktrace]
#0 C:\\Sssinh\\MentalHealthCareApp\\vendor\\illuminate\\view\\FileViewFinder.php(79): Illuminate\\View\\FileViewFinder->findInPaths()
#1 C:\\Sssinh\\MentalHealthCareApp\\vendor\\illuminate\\view\\Factory.php(137): Illuminate\\View\\FileViewFinder->find()
#2 C:\\Sssinh\\MentalHealthCareApp\\vendor\\laravel\\lumen-framework\\src\\helpers.php(433): Illuminate\\View\\Factory->make()
#3 C:\\Sssinh\\MentalHealthCareApp\\app\\Controllers\\Commom\\LoginController.php(25): view()
#4 C:\\Sssinh\\MentalHealthCareApp\\vendor\\illuminate\\container\\BoundMethod.php(36): App\\Controllers\\Commom\\loginController->index()
#5 C:\\Sssinh\\MentalHealthCareApp\\vendor\\illuminate\\container\\Util.php(41): Illuminate\\Container\\BoundMethod::Illuminate\\Container\\{closure}()
#6 C:\\Sssinh\\MentalHealthCareApp\\vendor\\illuminate\\container\\BoundMethod.php(93): Illuminate\\Container\\Util::unwrapIfClosure()
#7 C:\\Sssinh\\MentalHealthCareApp\\vendor\\illuminate\\container\\BoundMethod.php(35): Illuminate\\Container\\BoundMethod::callBoundMethod()
#8 C:\\Sssinh\\MentalHealthCareApp\\vendor\\illuminate\\container\\Container.php(662): Illuminate\\Container\\BoundMethod::call()
#9 C:\\Sssinh\\MentalHealthCareApp\\vendor\\laravel\\lumen-framework\\src\\Concerns\\RoutesRequests.php(391): Illuminate\\Container\\Container->call()
#10 C:\\Sssinh\\MentalHealthCareApp\\vendor\\laravel\\lumen-framework\\src\\Concerns\\RoutesRequests.php(356): Laravel\\Lumen\\Application->callControllerCallable()
#11 C:\\Sssinh\\MentalHealthCareApp\\vendor\\laravel\\lumen-framework\\src\\Concerns\\RoutesRequests.php(331): Laravel\\Lumen\\Application->callLumenController()
#12 C:\\Sssinh\\MentalHealthCareApp\\vendor\\laravel\\lumen-framework\\src\\Concerns\\RoutesRequests.php(284): Laravel\\Lumen\\Application->callControllerAction()
#13 C:\\Sssinh\\MentalHealthCareApp\\vendor\\laravel\\lumen-framework\\src\\Concerns\\RoutesRequests.php(269): Laravel\\Lumen\\Application->callActionOnArrayBasedRoute()
#14 C:\\Sssinh\\MentalHealthCareApp\\vendor\\laravel\\lumen-framework\\src\\Concerns\\RoutesRequests.php(171): Laravel\\Lumen\\Application->handleFoundRoute()
#15 C:\\Sssinh\\MentalHealthCareApp\\vendor\\laravel\\lumen-framework\\src\\Concerns\\RoutesRequests.php(431): Laravel\\Lumen\\Application->Laravel\\Lumen\\Concerns\\{closure}()
#16 C:\\Sssinh\\MentalHealthCareApp\\vendor\\laravel\\lumen-framework\\src\\Concerns\\RoutesRequests.php(167): Laravel\\Lumen\\Application->sendThroughPipeline()
#17 C:\\Sssinh\\MentalHealthCareApp\\vendor\\laravel\\lumen-framework\\src\\Concerns\\RoutesRequests.php(112): Laravel\\Lumen\\Application->dispatch()
#18 C:\\Sssinh\\MentalHealthCareApp\\public\\index.php(28): Laravel\\Lumen\\Application->run()
#19 {main}
"} 
[2023-12-29 01:56:06] local.ERROR: View [commom.login] not found. {"exception":"[object] (InvalidArgumentException(code: 0): View [commom.login] not found. at C:\\Sssinh\\MentalHealthCareApp\\vendor\\illuminate\\view\\FileViewFinder.php:137)
[stacktrace]
#0 C:\\Sssinh\\MentalHealthCareApp\\vendor\\illuminate\\view\\FileViewFinder.php(79): Illuminate\\View\\FileViewFinder->findInPaths()
#1 C:\\Sssinh\\MentalHealthCareApp\\vendor\\illuminate\\view\\Factory.php(137): Illuminate\\View\\FileViewFinder->find()
#2 C:\\Sssinh\\MentalHealthCareApp\\vendor\\laravel\\lumen-framework\\src\\helpers.php(433): Illuminate\\View\\Factory->make()
#3 C:\\Sssinh\\MentalHealthCareApp\\app\\Controllers\\Commom\\LoginController.php(25): view()
#4 C:\\Sssinh\\MentalHealthCareApp\\vendor\\illuminate\\container\\BoundMethod.php(36): App\\Controllers\\Commom\\loginController->index()
#5 C:\\Sssinh\\MentalHealthCareApp\\vendor\\illuminate\\container\\Util.php(41): Illuminate\\Container\\BoundMethod::Illuminate\\Container\\{closure}()
#6 C:\\Sssinh\\MentalHealthCareApp\\vendor\\illuminate\\container\\BoundMethod.php(93): Illuminate\\Container\\Util::unwrapIfClosure()
#7 C:\\Sssinh\\MentalHealthCareApp\\vendor\\illuminate\\container\\BoundMethod.php(35): Illuminate\\Container\\BoundMethod::callBoundMethod()
#8 C:\\Sssinh\\MentalHealthCareApp\\vendor\\illuminate\\container\\Container.php(662): Illuminate\\Container\\BoundMethod::call()
#9 C:\\Sssinh\\MentalHealthCareApp\\vendor\\laravel\\lumen-framework\\src\\Concerns\\RoutesRequests.php(391): Illuminate\\Container\\Container->call()
#10 C:\\Sssinh\\MentalHealthCareApp\\vendor\\laravel\\lumen-framework\\src\\Concerns\\RoutesRequests.php(356): Laravel\\Lumen\\Application->callControllerCallable()
#11 C:\\Sssinh\\MentalHealthCareApp\\vendor\\laravel\\lumen-framework\\src\\Concerns\\RoutesRequests.php(331): Laravel\\Lumen\\Application->callLumenController()
#12 C:\\Sssinh\\MentalHealthCareApp\\vendor\\laravel\\lumen-framework\\src\\Concerns\\RoutesRequests.php(284): Laravel\\Lumen\\Application->callControllerAction()
#13 C:\\Sssinh\\MentalHealthCareApp\\vendor\\laravel\\lumen-framework\\src\\Concerns\\RoutesRequests.php(269): Laravel\\Lumen\\Application->callActionOnArrayBasedRoute()
#14 C:\\Sssinh\\MentalHealthCareApp\\vendor\\laravel\\lumen-framework\\src\\Concerns\\RoutesRequests.php(171): Laravel\\Lumen\\Application->handleFoundRoute()
#15 C:\\Sssinh\\MentalHealthCareApp\\vendor\\laravel\\lumen-framework\\src\\Concerns\\RoutesRequests.php(431): Laravel\\Lumen\\Application->Laravel\\Lumen\\Concerns\\{closure}()
#16 C:\\Sssinh\\MentalHealthCareApp\\vendor\\laravel\\lumen-framework\\src\\Concerns\\RoutesRequests.php(167): Laravel\\Lumen\\Application->sendThroughPipeline()
#17 C:\\Sssinh\\MentalHealthCareApp\\vendor\\laravel\\lumen-framework\\src\\Concerns\\RoutesRequests.php(112): Laravel\\Lumen\\Application->dispatch()
#18 C:\\Sssinh\\MentalHealthCareApp\\public\\index.php(28): Laravel\\Lumen\\Application->run()
#19 {main}
"} 
[2023-12-29 01:56:27] local.ERROR: View [\login] not found. {"exception":"[object] (InvalidArgumentException(code: 0): View [\\login] not found. at C:\\Sssinh\\MentalHealthCareApp\\vendor\\illuminate\\view\\FileViewFinder.php:137)
[stacktrace]
#0 C:\\Sssinh\\MentalHealthCareApp\\vendor\\illuminate\\view\\FileViewFinder.php(79): Illuminate\\View\\FileViewFinder->findInPaths()
#1 C:\\Sssinh\\MentalHealthCareApp\\vendor\\illuminate\\view\\Factory.php(137): Illuminate\\View\\FileViewFinder->find()
#2 C:\\Sssinh\\MentalHealthCareApp\\vendor\\laravel\\lumen-framework\\src\\helpers.php(433): Illuminate\\View\\Factory->make()
#3 C:\\Sssinh\\MentalHealthCareApp\\app\\Controllers\\Commom\\LoginController.php(25): view()
#4 C:\\Sssinh\\MentalHealthCareApp\\vendor\\illuminate\\container\\BoundMethod.php(36): App\\Controllers\\Commom\\loginController->index()
#5 C:\\Sssinh\\MentalHealthCareApp\\vendor\\illuminate\\container\\Util.php(41): Illuminate\\Container\\BoundMethod::Illuminate\\Container\\{closure}()
#6 C:\\Sssinh\\MentalHealthCareApp\\vendor\\illuminate\\container\\BoundMethod.php(93): Illuminate\\Container\\Util::unwrapIfClosure()
#7 C:\\Sssinh\\MentalHealthCareApp\\vendor\\illuminate\\container\\BoundMethod.php(35): Illuminate\\Container\\BoundMethod::callBoundMethod()
#8 C:\\Sssinh\\MentalHealthCareApp\\vendor\\illuminate\\container\\Container.php(662): Illuminate\\Container\\BoundMethod::call()
#9 C:\\Sssinh\\MentalHealthCareApp\\vendor\\laravel\\lumen-framework\\src\\Concerns\\RoutesRequests.php(391): Illuminate\\Container\\Container->call()
#10 C:\\Sssinh\\MentalHealthCareApp\\vendor\\laravel\\lumen-framework\\src\\Concerns\\RoutesRequests.php(356): Laravel\\Lumen\\Application->callControllerCallable()
#11 C:\\Sssinh\\MentalHealthCareApp\\vendor\\laravel\\lumen-framework\\src\\Concerns\\RoutesRequests.php(331): Laravel\\Lumen\\Application->callLumenController()
#12 C:\\Sssinh\\MentalHealthCareApp\\vendor\\laravel\\lumen-framework\\src\\Concerns\\RoutesRequests.php(284): Laravel\\Lumen\\Application->callControllerAction()
#13 C:\\Sssinh\\MentalHealthCareApp\\vendor\\laravel\\lumen-framework\\src\\Concerns\\RoutesRequests.php(269): Laravel\\Lumen\\Application->callActionOnArrayBasedRoute()
#14 C:\\Sssinh\\MentalHealthCareApp\\vendor\\laravel\\lumen-framework\\src\\Concerns\\RoutesRequests.php(171): Laravel\\Lumen\\Application->handleFoundRoute()
#15 C:\\Sssinh\\MentalHealthCareApp\\vendor\\laravel\\lumen-framework\\src\\Concerns\\RoutesRequests.php(431): Laravel\\Lumen\\Application->Laravel\\Lumen\\Concerns\\{closure}()
#16 C:\\Sssinh\\MentalHealthCareApp\\vendor\\laravel\\lumen-framework\\src\\Concerns\\RoutesRequests.php(167): Laravel\\Lumen\\Application->sendThroughPipeline()
#17 C:\\Sssinh\\MentalHealthCareApp\\vendor\\laravel\\lumen-framework\\src\\Concerns\\RoutesRequests.php(112): Laravel\\Lumen\\Application->dispatch()
#18 C:\\Sssinh\\MentalHealthCareApp\\public\\index.php(28): Laravel\\Lumen\\Application->run()
#19 {main}
"} 
[2023-12-29 01:56:44] local.ERROR: View [login] not found. {"exception":"[object] (InvalidArgumentException(code: 0): View [login] not found. at C:\\Sssinh\\MentalHealthCareApp\\vendor\\illuminate\\view\\FileViewFinder.php:137)
[stacktrace]
#0 C:\\Sssinh\\MentalHealthCareApp\\vendor\\illuminate\\view\\FileViewFinder.php(79): Illuminate\\View\\FileViewFinder->findInPaths()
#1 C:\\Sssinh\\MentalHealthCareApp\\vendor\\illuminate\\view\\Factory.php(137): Illuminate\\View\\FileViewFinder->find()
#2 C:\\Sssinh\\MentalHealthCareApp\\vendor\\laravel\\lumen-framework\\src\\helpers.php(433): Illuminate\\View\\Factory->make()
#3 C:\\Sssinh\\MentalHealthCareApp\\app\\Controllers\\Commom\\LoginController.php(26): view()
#4 C:\\Sssinh\\MentalHealthCareApp\\vendor\\illuminate\\container\\BoundMethod.php(36): App\\Controllers\\Commom\\loginController->index()
#5 C:\\Sssinh\\MentalHealthCareApp\\vendor\\illuminate\\container\\Util.php(41): Illuminate\\Container\\BoundMethod::Illuminate\\Container\\{closure}()
#6 C:\\Sssinh\\MentalHealthCareApp\\vendor\\illuminate\\container\\BoundMethod.php(93): Illuminate\\Container\\Util::unwrapIfClosure()
#7 C:\\Sssinh\\MentalHealthCareApp\\vendor\\illuminate\\container\\BoundMethod.php(35): Illuminate\\Container\\BoundMethod::callBoundMethod()
#8 C:\\Sssinh\\MentalHealthCareApp\\vendor\\illuminate\\container\\Container.php(662): Illuminate\\Container\\BoundMethod::call()
#9 C:\\Sssinh\\MentalHealthCareApp\\vendor\\laravel\\lumen-framework\\src\\Concerns\\RoutesRequests.php(391): Illuminate\\Container\\Container->call()
#10 C:\\Sssinh\\MentalHealthCareApp\\vendor\\laravel\\lumen-framework\\src\\Concerns\\RoutesRequests.php(356): Laravel\\Lumen\\Application->callControllerCallable()
#11 C:\\Sssinh\\MentalHealthCareApp\\vendor\\laravel\\lumen-framework\\src\\Concerns\\RoutesRequests.php(331): Laravel\\Lumen\\Application->callLumenController()
#12 C:\\Sssinh\\MentalHealthCareApp\\vendor\\laravel\\lumen-framework\\src\\Concerns\\RoutesRequests.php(284): Laravel\\Lumen\\Application->callControllerAction()
#13 C:\\Sssinh\\MentalHealthCareApp\\vendor\\laravel\\lumen-framework\\src\\Concerns\\RoutesRequests.php(269): Laravel\\Lumen\\Application->callActionOnArrayBasedRoute()
#14 C:\\Sssinh\\MentalHealthCareApp\\vendor\\laravel\\lumen-framework\\src\\Concerns\\RoutesRequests.php(171): Laravel\\Lumen\\Application->handleFoundRoute()
#15 C:\\Sssinh\\MentalHealthCareApp\\vendor\\laravel\\lumen-framework\\src\\Concerns\\RoutesRequests.php(431): Laravel\\Lumen\\Application->Laravel\\Lumen\\Concerns\\{closure}()
#16 C:\\Sssinh\\MentalHealthCareApp\\vendor\\laravel\\lumen-framework\\src\\Concerns\\RoutesRequests.php(167): Laravel\\Lumen\\Application->sendThroughPipeline()
#17 C:\\Sssinh\\MentalHealthCareApp\\vendor\\laravel\\lumen-framework\\src\\Concerns\\RoutesRequests.php(112): Laravel\\Lumen\\Application->dispatch()
#18 C:\\Sssinh\\MentalHealthCareApp\\public\\index.php(28): Laravel\\Lumen\\Application->run()
#19 {main}
"} 
[2023-12-29 01:56:46] local.ERROR: View [login] not found. {"exception":"[object] (InvalidArgumentException(code: 0): View [login] not found. at C:\\Sssinh\\MentalHealthCareApp\\vendor\\illuminate\\view\\FileViewFinder.php:137)
[stacktrace]
#0 C:\\Sssinh\\MentalHealthCareApp\\vendor\\illuminate\\view\\FileViewFinder.php(79): Illuminate\\View\\FileViewFinder->findInPaths()
#1 C:\\Sssinh\\MentalHealthCareApp\\vendor\\illuminate\\view\\Factory.php(137): Illuminate\\View\\FileViewFinder->find()
#2 C:\\Sssinh\\MentalHealthCareApp\\vendor\\laravel\\lumen-framework\\src\\helpers.php(433): Illuminate\\View\\Factory->make()
#3 C:\\Sssinh\\MentalHealthCareApp\\app\\Controllers\\Commom\\LoginController.php(26): view()
#4 C:\\Sssinh\\MentalHealthCareApp\\vendor\\illuminate\\container\\BoundMethod.php(36): App\\Controllers\\Commom\\loginController->index()
#5 C:\\Sssinh\\MentalHealthCareApp\\vendor\\illuminate\\container\\Util.php(41): Illuminate\\Container\\BoundMethod::Illuminate\\Container\\{closure}()
#6 C:\\Sssinh\\MentalHealthCareApp\\vendor\\illuminate\\container\\BoundMethod.php(93): Illuminate\\Container\\Util::unwrapIfClosure()
#7 C:\\Sssinh\\MentalHealthCareApp\\vendor\\illuminate\\container\\BoundMethod.php(35): Illuminate\\Container\\BoundMethod::callBoundMethod()
#8 C:\\Sssinh\\MentalHealthCareApp\\vendor\\illuminate\\container\\Container.php(662): Illuminate\\Container\\BoundMethod::call()
#9 C:\\Sssinh\\MentalHealthCareApp\\vendor\\laravel\\lumen-framework\\src\\Concerns\\RoutesRequests.php(391): Illuminate\\Container\\Container->call()
#10 C:\\Sssinh\\MentalHealthCareApp\\vendor\\laravel\\lumen-framework\\src\\Concerns\\RoutesRequests.php(356): Laravel\\Lumen\\Application->callControllerCallable()
#11 C:\\Sssinh\\MentalHealthCareApp\\vendor\\laravel\\lumen-framework\\src\\Concerns\\RoutesRequests.php(331): Laravel\\Lumen\\Application->callLumenController()
#12 C:\\Sssinh\\MentalHealthCareApp\\vendor\\laravel\\lumen-framework\\src\\Concerns\\RoutesRequests.php(284): Laravel\\Lumen\\Application->callControllerAction()
#13 C:\\Sssinh\\MentalHealthCareApp\\vendor\\laravel\\lumen-framework\\src\\Concerns\\RoutesRequests.php(269): Laravel\\Lumen\\Application->callActionOnArrayBasedRoute()
#14 C:\\Sssinh\\MentalHealthCareApp\\vendor\\laravel\\lumen-framework\\src\\Concerns\\RoutesRequests.php(171): Laravel\\Lumen\\Application->handleFoundRoute()
#15 C:\\Sssinh\\MentalHealthCareApp\\vendor\\laravel\\lumen-framework\\src\\Concerns\\RoutesRequests.php(431): Laravel\\Lumen\\Application->Laravel\\Lumen\\Concerns\\{closure}()
#16 C:\\Sssinh\\MentalHealthCareApp\\vendor\\laravel\\lumen-framework\\src\\Concerns\\RoutesRequests.php(167): Laravel\\Lumen\\Application->sendThroughPipeline()
#17 C:\\Sssinh\\MentalHealthCareApp\\vendor\\laravel\\lumen-framework\\src\\Concerns\\RoutesRequests.php(112): Laravel\\Lumen\\Application->dispatch()
#18 C:\\Sssinh\\MentalHealthCareApp\\public\\index.php(28): Laravel\\Lumen\\Application->run()
#19 {main}
"} 
[2023-12-29 01:57:50] local.ERROR: View [login] not found. {"exception":"[object] (InvalidArgumentException(code: 0): View [login] not found. at C:\\Sssinh\\MentalHealthCareApp\\vendor\\illuminate\\view\\FileViewFinder.php:137)
[stacktrace]
#0 C:\\Sssinh\\MentalHealthCareApp\\vendor\\illuminate\\view\\FileViewFinder.php(79): Illuminate\\View\\FileViewFinder->findInPaths()
#1 C:\\Sssinh\\MentalHealthCareApp\\vendor\\illuminate\\view\\Factory.php(137): Illuminate\\View\\FileViewFinder->find()
#2 C:\\Sssinh\\MentalHealthCareApp\\vendor\\laravel\\lumen-framework\\src\\helpers.php(433): Illuminate\\View\\Factory->make()
#3 C:\\Sssinh\\MentalHealthCareApp\\app\\Controllers\\Commom\\LoginController.php(26): view()
#4 C:\\Sssinh\\MentalHealthCareApp\\vendor\\illuminate\\container\\BoundMethod.php(36): App\\Controllers\\Commom\\loginController->index()
#5 C:\\Sssinh\\MentalHealthCareApp\\vendor\\illuminate\\container\\Util.php(41): Illuminate\\Container\\BoundMethod::Illuminate\\Container\\{closure}()
#6 C:\\Sssinh\\MentalHealthCareApp\\vendor\\illuminate\\container\\BoundMethod.php(93): Illuminate\\Container\\Util::unwrapIfClosure()
#7 C:\\Sssinh\\MentalHealthCareApp\\vendor\\illuminate\\container\\BoundMethod.php(35): Illuminate\\Container\\BoundMethod::callBoundMethod()
#8 C:\\Sssinh\\MentalHealthCareApp\\vendor\\illuminate\\container\\Container.php(662): Illuminate\\Container\\BoundMethod::call()
#9 C:\\Sssinh\\MentalHealthCareApp\\vendor\\laravel\\lumen-framework\\src\\Concerns\\RoutesRequests.php(391): Illuminate\\Container\\Container->call()
#10 C:\\Sssinh\\MentalHealthCareApp\\vendor\\laravel\\lumen-framework\\src\\Concerns\\RoutesRequests.php(356): Laravel\\Lumen\\Application->callControllerCallable()
#11 C:\\Sssinh\\MentalHealthCareApp\\vendor\\laravel\\lumen-framework\\src\\Concerns\\RoutesRequests.php(331): Laravel\\Lumen\\Application->callLumenController()
#12 C:\\Sssinh\\MentalHealthCareApp\\vendor\\laravel\\lumen-framework\\src\\Concerns\\RoutesRequests.php(284): Laravel\\Lumen\\Application->callControllerAction()
#13 C:\\Sssinh\\MentalHealthCareApp\\vendor\\laravel\\lumen-framework\\src\\Concerns\\RoutesRequests.php(269): Laravel\\Lumen\\Application->callActionOnArrayBasedRoute()
#14 C:\\Sssinh\\MentalHealthCareApp\\vendor\\laravel\\lumen-framework\\src\\Concerns\\RoutesRequests.php(171): Laravel\\Lumen\\Application->handleFoundRoute()
#15 C:\\Sssinh\\MentalHealthCareApp\\vendor\\laravel\\lumen-framework\\src\\Concerns\\RoutesRequests.php(431): Laravel\\Lumen\\Application->Laravel\\Lumen\\Concerns\\{closure}()
#16 C:\\Sssinh\\MentalHealthCareApp\\vendor\\laravel\\lumen-framework\\src\\Concerns\\RoutesRequests.php(167): Laravel\\Lumen\\Application->sendThroughPipeline()
#17 C:\\Sssinh\\MentalHealthCareApp\\vendor\\laravel\\lumen-framework\\src\\Concerns\\RoutesRequests.php(112): Laravel\\Lumen\\Application->dispatch()
#18 C:\\Sssinh\\MentalHealthCareApp\\public\\index.php(28): Laravel\\Lumen\\Application->run()
#19 {main}
"} 
[2023-12-29 01:57:51] local.ERROR: View [login] not found. {"exception":"[object] (InvalidArgumentException(code: 0): View [login] not found. at C:\\Sssinh\\MentalHealthCareApp\\vendor\\illuminate\\view\\FileViewFinder.php:137)
[stacktrace]
#0 C:\\Sssinh\\MentalHealthCareApp\\vendor\\illuminate\\view\\FileViewFinder.php(79): Illuminate\\View\\FileViewFinder->findInPaths()
#1 C:\\Sssinh\\MentalHealthCareApp\\vendor\\illuminate\\view\\Factory.php(137): Illuminate\\View\\FileViewFinder->find()
#2 C:\\Sssinh\\MentalHealthCareApp\\vendor\\laravel\\lumen-framework\\src\\helpers.php(433): Illuminate\\View\\Factory->make()
#3 C:\\Sssinh\\MentalHealthCareApp\\app\\Controllers\\Commom\\LoginController.php(26): view()
#4 C:\\Sssinh\\MentalHealthCareApp\\vendor\\illuminate\\container\\BoundMethod.php(36): App\\Controllers\\Commom\\loginController->index()
#5 C:\\Sssinh\\MentalHealthCareApp\\vendor\\illuminate\\container\\Util.php(41): Illuminate\\Container\\BoundMethod::Illuminate\\Container\\{closure}()
#6 C:\\Sssinh\\MentalHealthCareApp\\vendor\\illuminate\\container\\BoundMethod.php(93): Illuminate\\Container\\Util::unwrapIfClosure()
#7 C:\\Sssinh\\MentalHealthCareApp\\vendor\\illuminate\\container\\BoundMethod.php(35): Illuminate\\Container\\BoundMethod::callBoundMethod()
#8 C:\\Sssinh\\MentalHealthCareApp\\vendor\\illuminate\\container\\Container.php(662): Illuminate\\Container\\BoundMethod::call()
#9 C:\\Sssinh\\MentalHealthCareApp\\vendor\\laravel\\lumen-framework\\src\\Concerns\\RoutesRequests.php(391): Illuminate\\Container\\Container->call()
#10 C:\\Sssinh\\MentalHealthCareApp\\vendor\\laravel\\lumen-framework\\src\\Concerns\\RoutesRequests.php(356): Laravel\\Lumen\\Application->callControllerCallable()
#11 C:\\Sssinh\\MentalHealthCareApp\\vendor\\laravel\\lumen-framework\\src\\Concerns\\RoutesRequests.php(331): Laravel\\Lumen\\Application->callLumenController()
#12 C:\\Sssinh\\MentalHealthCareApp\\vendor\\laravel\\lumen-framework\\src\\Concerns\\RoutesRequests.php(284): Laravel\\Lumen\\Application->callControllerAction()
#13 C:\\Sssinh\\MentalHealthCareApp\\vendor\\laravel\\lumen-framework\\src\\Concerns\\RoutesRequests.php(269): Laravel\\Lumen\\Application->callActionOnArrayBasedRoute()
#14 C:\\Sssinh\\MentalHealthCareApp\\vendor\\laravel\\lumen-framework\\src\\Concerns\\RoutesRequests.php(171): Laravel\\Lumen\\Application->handleFoundRoute()
#15 C:\\Sssinh\\MentalHealthCareApp\\vendor\\laravel\\lumen-framework\\src\\Concerns\\RoutesRequests.php(431): Laravel\\Lumen\\Application->Laravel\\Lumen\\Concerns\\{closure}()
#16 C:\\Sssinh\\MentalHealthCareApp\\vendor\\laravel\\lumen-framework\\src\\Concerns\\RoutesRequests.php(167): Laravel\\Lumen\\Application->sendThroughPipeline()
#17 C:\\Sssinh\\MentalHealthCareApp\\vendor\\laravel\\lumen-framework\\src\\Concerns\\RoutesRequests.php(112): Laravel\\Lumen\\Application->dispatch()
#18 C:\\Sssinh\\MentalHealthCareApp\\public\\index.php(28): Laravel\\Lumen\\Application->run()
#19 {main}
"} 
[2023-12-29 01:57:52] local.ERROR: View [login] not found. {"exception":"[object] (InvalidArgumentException(code: 0): View [login] not found. at C:\\Sssinh\\MentalHealthCareApp\\vendor\\illuminate\\view\\FileViewFinder.php:137)
[stacktrace]
#0 C:\\Sssinh\\MentalHealthCareApp\\vendor\\illuminate\\view\\FileViewFinder.php(79): Illuminate\\View\\FileViewFinder->findInPaths()
#1 C:\\Sssinh\\MentalHealthCareApp\\vendor\\illuminate\\view\\Factory.php(137): Illuminate\\View\\FileViewFinder->find()
#2 C:\\Sssinh\\MentalHealthCareApp\\vendor\\laravel\\lumen-framework\\src\\helpers.php(433): Illuminate\\View\\Factory->make()
#3 C:\\Sssinh\\MentalHealthCareApp\\app\\Controllers\\Commom\\LoginController.php(26): view()
#4 C:\\Sssinh\\MentalHealthCareApp\\vendor\\illuminate\\container\\BoundMethod.php(36): App\\Controllers\\Commom\\loginController->index()
#5 C:\\Sssinh\\MentalHealthCareApp\\vendor\\illuminate\\container\\Util.php(41): Illuminate\\Container\\BoundMethod::Illuminate\\Container\\{closure}()
#6 C:\\Sssinh\\MentalHealthCareApp\\vendor\\illuminate\\container\\BoundMethod.php(93): Illuminate\\Container\\Util::unwrapIfClosure()
#7 C:\\Sssinh\\MentalHealthCareApp\\vendor\\illuminate\\container\\BoundMethod.php(35): Illuminate\\Container\\BoundMethod::callBoundMethod()
#8 C:\\Sssinh\\MentalHealthCareApp\\vendor\\illuminate\\container\\Container.php(662): Illuminate\\Container\\BoundMethod::call()
#9 C:\\Sssinh\\MentalHealthCareApp\\vendor\\laravel\\lumen-framework\\src\\Concerns\\RoutesRequests.php(391): Illuminate\\Container\\Container->call()
#10 C:\\Sssinh\\MentalHealthCareApp\\vendor\\laravel\\lumen-framework\\src\\Concerns\\RoutesRequests.php(356): Laravel\\Lumen\\Application->callControllerCallable()
#11 C:\\Sssinh\\MentalHealthCareApp\\vendor\\laravel\\lumen-framework\\src\\Concerns\\RoutesRequests.php(331): Laravel\\Lumen\\Application->callLumenController()
#12 C:\\Sssinh\\MentalHealthCareApp\\vendor\\laravel\\lumen-framework\\src\\Concerns\\RoutesRequests.php(284): Laravel\\Lumen\\Application->callControllerAction()
#13 C:\\Sssinh\\MentalHealthCareApp\\vendor\\laravel\\lumen-framework\\src\\Concerns\\RoutesRequests.php(269): Laravel\\Lumen\\Application->callActionOnArrayBasedRoute()
#14 C:\\Sssinh\\MentalHealthCareApp\\vendor\\laravel\\lumen-framework\\src\\Concerns\\RoutesRequests.php(171): Laravel\\Lumen\\Application->handleFoundRoute()
#15 C:\\Sssinh\\MentalHealthCareApp\\vendor\\laravel\\lumen-framework\\src\\Concerns\\RoutesRequests.php(431): Laravel\\Lumen\\Application->Laravel\\Lumen\\Concerns\\{closure}()
#16 C:\\Sssinh\\MentalHealthCareApp\\vendor\\laravel\\lumen-framework\\src\\Concerns\\RoutesRequests.php(167): Laravel\\Lumen\\Application->sendThroughPipeline()
#17 C:\\Sssinh\\MentalHealthCareApp\\vendor\\laravel\\lumen-framework\\src\\Concerns\\RoutesRequests.php(112): Laravel\\Lumen\\Application->dispatch()
#18 C:\\Sssinh\\MentalHealthCareApp\\public\\index.php(28): Laravel\\Lumen\\Application->run()
#19 {main}
"} 
[2023-12-29 01:57:54] local.ERROR: View [login] not found. {"exception":"[object] (InvalidArgumentException(code: 0): View [login] not found. at C:\\Sssinh\\MentalHealthCareApp\\vendor\\illuminate\\view\\FileViewFinder.php:137)
[stacktrace]
#0 C:\\Sssinh\\MentalHealthCareApp\\vendor\\illuminate\\view\\FileViewFinder.php(79): Illuminate\\View\\FileViewFinder->findInPaths()
#1 C:\\Sssinh\\MentalHealthCareApp\\vendor\\illuminate\\view\\Factory.php(137): Illuminate\\View\\FileViewFinder->find()
#2 C:\\Sssinh\\MentalHealthCareApp\\vendor\\laravel\\lumen-framework\\src\\helpers.php(433): Illuminate\\View\\Factory->make()
#3 C:\\Sssinh\\MentalHealthCareApp\\app\\Controllers\\Commom\\LoginController.php(26): view()
#4 C:\\Sssinh\\MentalHealthCareApp\\vendor\\illuminate\\container\\BoundMethod.php(36): App\\Controllers\\Commom\\loginController->index()
#5 C:\\Sssinh\\MentalHealthCareApp\\vendor\\illuminate\\container\\Util.php(41): Illuminate\\Container\\BoundMethod::Illuminate\\Container\\{closure}()
#6 C:\\Sssinh\\MentalHealthCareApp\\vendor\\illuminate\\container\\BoundMethod.php(93): Illuminate\\Container\\Util::unwrapIfClosure()
#7 C:\\Sssinh\\MentalHealthCareApp\\vendor\\illuminate\\container\\BoundMethod.php(35): Illuminate\\Container\\BoundMethod::callBoundMethod()
#8 C:\\Sssinh\\MentalHealthCareApp\\vendor\\illuminate\\container\\Container.php(662): Illuminate\\Container\\BoundMethod::call()
#9 C:\\Sssinh\\MentalHealthCareApp\\vendor\\laravel\\lumen-framework\\src\\Concerns\\RoutesRequests.php(391): Illuminate\\Container\\Container->call()
#10 C:\\Sssinh\\MentalHealthCareApp\\vendor\\laravel\\lumen-framework\\src\\Concerns\\RoutesRequests.php(356): Laravel\\Lumen\\Application->callControllerCallable()
#11 C:\\Sssinh\\MentalHealthCareApp\\vendor\\laravel\\lumen-framework\\src\\Concerns\\RoutesRequests.php(331): Laravel\\Lumen\\Application->callLumenController()
#12 C:\\Sssinh\\MentalHealthCareApp\\vendor\\laravel\\lumen-framework\\src\\Concerns\\RoutesRequests.php(284): Laravel\\Lumen\\Application->callControllerAction()
#13 C:\\Sssinh\\MentalHealthCareApp\\vendor\\laravel\\lumen-framework\\src\\Concerns\\RoutesRequests.php(269): Laravel\\Lumen\\Application->callActionOnArrayBasedRoute()
#14 C:\\Sssinh\\MentalHealthCareApp\\vendor\\laravel\\lumen-framework\\src\\Concerns\\RoutesRequests.php(171): Laravel\\Lumen\\Application->handleFoundRoute()
#15 C:\\Sssinh\\MentalHealthCareApp\\vendor\\laravel\\lumen-framework\\src\\Concerns\\RoutesRequests.php(431): Laravel\\Lumen\\Application->Laravel\\Lumen\\Concerns\\{closure}()
#16 C:\\Sssinh\\MentalHealthCareApp\\vendor\\laravel\\lumen-framework\\src\\Concerns\\RoutesRequests.php(167): Laravel\\Lumen\\Application->sendThroughPipeline()
#17 C:\\Sssinh\\MentalHealthCareApp\\vendor\\laravel\\lumen-framework\\src\\Concerns\\RoutesRequests.php(112): Laravel\\Lumen\\Application->dispatch()
#18 C:\\Sssinh\\MentalHealthCareApp\\public\\index.php(28): Laravel\\Lumen\\Application->run()
#19 {main}
"} 
[2023-12-29 01:58:22] local.ERROR: include_once(header.php): Failed to open stream: No such file or directory {"exception":"[object] (ErrorException(code: 0): include_once(header.php): Failed to open stream: No such file or directory at C:\\Sssinh\\MentalHealthCareApp\\resources\\views\\login.php:1)
[stacktrace]
#0 C:\\Sssinh\\MentalHealthCareApp\\vendor\\laravel\\lumen-framework\\src\\Concerns\\RegistersExceptionHandlers.php(47): Laravel\\Lumen\\Application->handleError()
#1 C:\\Sssinh\\MentalHealthCareApp\\resources\\views\\login.php(1): Laravel\\Lumen\\Application->Laravel\\Lumen\\Concerns\\{closure}()
#2 C:\\Sssinh\\MentalHealthCareApp\\resources\\views\\login.php(1): include_once('...')
#3 C:\\Sssinh\\MentalHealthCareApp\\vendor\\illuminate\\filesystem\\Filesystem.php(124): require('...')
#4 C:\\Sssinh\\MentalHealthCareApp\\vendor\\illuminate\\filesystem\\Filesystem.php(125): Illuminate\\Filesystem\\Filesystem::Illuminate\\Filesystem\\{closure}()
#5 C:\\Sssinh\\MentalHealthCareApp\\vendor\\illuminate\\view\\Engines\\PhpEngine.php(58): Illuminate\\Filesystem\\Filesystem->getRequire()
#6 C:\\Sssinh\\MentalHealthCareApp\\vendor\\illuminate\\view\\Engines\\PhpEngine.php(38): Illuminate\\View\\Engines\\PhpEngine->evaluatePath()
#7 C:\\Sssinh\\MentalHealthCareApp\\vendor\\illuminate\\view\\View.php(207): Illuminate\\View\\Engines\\PhpEngine->get()
#8 C:\\Sssinh\\MentalHealthCareApp\\vendor\\illuminate\\view\\View.php(190): Illuminate\\View\\View->getContents()
#9 C:\\Sssinh\\MentalHealthCareApp\\vendor\\illuminate\\view\\View.php(159): Illuminate\\View\\View->renderContents()
#10 C:\\Sssinh\\MentalHealthCareApp\\vendor\\illuminate\\http\\Response.php(69): Illuminate\\View\\View->render()
#11 C:\\Sssinh\\MentalHealthCareApp\\vendor\\illuminate\\http\\Response.php(35): Illuminate\\Http\\Response->setContent()
#12 C:\\Sssinh\\MentalHealthCareApp\\vendor\\laravel\\lumen-framework\\src\\Concerns\\RoutesRequests.php(451): Illuminate\\Http\\Response->__construct()
#13 C:\\Sssinh\\MentalHealthCareApp\\vendor\\laravel\\lumen-framework\\src\\Concerns\\RoutesRequests.php(390): Laravel\\Lumen\\Application->prepareResponse()
#14 C:\\Sssinh\\MentalHealthCareApp\\vendor\\laravel\\lumen-framework\\src\\Concerns\\RoutesRequests.php(356): Laravel\\Lumen\\Application->callControllerCallable()
#15 C:\\Sssinh\\MentalHealthCareApp\\vendor\\laravel\\lumen-framework\\src\\Concerns\\RoutesRequests.php(331): Laravel\\Lumen\\Application->callLumenController()
#16 C:\\Sssinh\\MentalHealthCareApp\\vendor\\laravel\\lumen-framework\\src\\Concerns\\RoutesRequests.php(284): Laravel\\Lumen\\Application->callControllerAction()
#17 C:\\Sssinh\\MentalHealthCareApp\\vendor\\laravel\\lumen-framework\\src\\Concerns\\RoutesRequests.php(269): Laravel\\Lumen\\Application->callActionOnArrayBasedRoute()
#18 C:\\Sssinh\\MentalHealthCareApp\\vendor\\laravel\\lumen-framework\\src\\Concerns\\RoutesRequests.php(171): Laravel\\Lumen\\Application->handleFoundRoute()
#19 C:\\Sssinh\\MentalHealthCareApp\\vendor\\laravel\\lumen-framework\\src\\Concerns\\RoutesRequests.php(431): Laravel\\Lumen\\Application->Laravel\\Lumen\\Concerns\\{closure}()
#20 C:\\Sssinh\\MentalHealthCareApp\\vendor\\laravel\\lumen-framework\\src\\Concerns\\RoutesRequests.php(167): Laravel\\Lumen\\Application->sendThroughPipeline()
#21 C:\\Sssinh\\MentalHealthCareApp\\vendor\\laravel\\lumen-framework\\src\\Concerns\\RoutesRequests.php(112): Laravel\\Lumen\\Application->dispatch()
#22 C:\\Sssinh\\MentalHealthCareApp\\public\\index.php(28): Laravel\\Lumen\\Application->run()
#23 {main}
"} 
